<testsuite name="login.login on chrome" tests="1" errors="0" failures="1" skipped="0" time="6.256914" timestamp="2024-03-16T01:08:09.409076" hostname="manticminotaur"><testcase classname="login.login on chrome" name="Login with correct credentials" status="failed" time="6.256914"><failure type="AssertionError" message="Login was not successful">
<![CDATA[
Failing step: Then I should be logged in successfully ... failed in 0.000s
Location: tests/login/login.feature:10
Assertion Failed: Login was not successful
Captured logging:
ERROR:scripts.script_login:Timeout occurred while waiting for element]]>
</failure><system-out>
<![CDATA[
@scenario.begin

  @positive-case
  Scenario: Login with correct credentials
    Given I open the chrome browser ... passed in 0.255s
    Given I open the login page ... passed in 0.432s
    When I enter the correct username "hongducdev" and password "123456" ... passed in 5.570s
    Then I should be logged in successfully ... failed in 0.000s

@scenario.end
--------------------------------------------------------------------------------
]]>
</system-out></testcase></testsuite>